<?xml version="1.0" encoding="UTF-8"?>
<!-- Generated by org.testng.reporters.JUnitReportReporter -->
<testsuite skipped="0" hostname="LD-Windows-8" name="restAPIXML.XMLRequest" tests="1" failures="0" timestamp="27 Nov 2021 15:28:14 GMT" time="3.624" errors="0">
  <testcase name="getCallVerifyData" time="3.624" classname="restAPIXML.XMLRequest"/>
</testsuite> <!-- restAPIXML.XMLRequest -->
