<?xml version="1.0" encoding="UTF-8"?>
<!-- Generated by org.testng.reporters.JUnitReportReporter -->
<testsuite skipped="0" hostname="LD-Windows-8" name="restAPIXML.GetRequest" tests="1" failures="0" timestamp="27 Nov 2021 15:04:27 GMT" time="2.572" errors="0">
  <testcase name="getCall" time="2.572" classname="restAPIXML.GetRequest"/>
</testsuite> <!-- restAPIXML.GetRequest -->
