<?xml version="1.0" encoding="UTF-8"?>
<!-- Generated by org.testng.reporters.JUnitReportReporter -->
<testsuite skipped="0" hostname="LD-Windows-8" name="restAPI.PostRequestWithJsonFile" tests="1" failures="0" timestamp="21 Nov 2021 15:06:11 GMT" time="2.553" errors="0">
  <testcase name="postCall" time="2.553" classname="restAPI.PostRequestWithJsonFile"/>
</testsuite> <!-- restAPI.PostRequestWithJsonFile -->
