<?xml version="1.0" encoding="UTF-8"?>
<!-- Generated by org.testng.reporters.JUnitReportReporter -->
<testsuite skipped="0" hostname="LD-Windows-8" name="restAPI.PostRequestWithJsonObject" tests="1" failures="0" timestamp="21 Nov 2021 14:30:55 GMT" time="2.497" errors="0">
  <testcase name="postCall" time="2.497" classname="restAPI.PostRequestWithJsonObject"/>
</testsuite> <!-- restAPI.PostRequestWithJsonObject -->
