<?xml version="1.0" encoding="UTF-8"?>
<!-- Generated by org.testng.reporters.JUnitReportReporter -->
<testsuite skipped="0" hostname="LD-Windows-8" name="restAPI.GetRequest" tests="1" failures="0" timestamp="21 Nov 2021 15:25:39 GMT" time="2.588" errors="0">
  <testcase name="getCall" time="2.588" classname="restAPI.GetRequest"/>
</testsuite> <!-- restAPI.GetRequest -->
