<?xml version="1.0" encoding="UTF-8"?>
<!-- Generated by org.testng.reporters.JUnitReportReporter -->
<testsuite skipped="0" hostname="LD-Windows-8" name="restAPI.DeleteRequest" tests="1" failures="0" timestamp="21 Nov 2021 15:25:21 GMT" time="2.408" errors="0">
  <testcase name="deleteCall" time="2.408" classname="restAPI.DeleteRequest"/>
</testsuite> <!-- restAPI.DeleteRequest -->
