<?xml version="1.0" encoding="UTF-8"?>
<!-- Generated by org.testng.reporters.JUnitReportReporter -->
<testsuite skipped="0" hostname="LD-Windows-8" name="restapichaining.EndToEndTest" tests="1" failures="0" timestamp="21 Nov 2021 16:39:38 GMT" time="4.073" errors="0">
  <testcase name="Test1" time="4.073" classname="restapichaining.EndToEndTest"/>
</testsuite> <!-- restapichaining.EndToEndTest -->
