<?xml version="1.0" encoding="UTF-8"?>
<!-- Generated by org.testng.reporters.JUnitReportReporter -->
<testsuite skipped="0" hostname="LD-Windows-8" name="restAPIBDD.PutRequest" tests="1" failures="0" timestamp="27 Nov 2021 14:49:34 GMT" time="4.138" errors="0">
  <testcase name="putcall" time="4.138" classname="restAPIBDD.PutRequest"/>
</testsuite> <!-- restAPIBDD.PutRequest -->
