<?xml version="1.0" encoding="UTF-8"?>
<!-- Generated by org.testng.reporters.JUnitReportReporter -->
<testsuite skipped="0" hostname="LD-Windows-8" name="restAPI.GetRequestFetchName" tests="1" failures="0" timestamp="20 Nov 2021 17:13:29 GMT" time="3.368" errors="0">
  <testcase name="getCall" time="3.368" classname="restAPI.GetRequestFetchName"/>
</testsuite> <!-- restAPI.GetRequestFetchName -->
