<?xml version="1.0" encoding="UTF-8"?>
<!-- Generated by org.testng.reporters.JUnitReportReporter -->
<testsuite skipped="0" hostname="LD-Windows-8" name="restAPI.GetRequestWithParams" tests="1" failures="0" timestamp="20 Nov 2021 17:01:45 GMT" time="3.737" errors="0">
  <testcase name="getCall" time="3.737" classname="restAPI.GetRequestWithParams"/>
</testsuite> <!-- restAPI.GetRequestWithParams -->
