<?xml version="1.0" encoding="UTF-8"?>
<!-- Generated by org.testng.reporters.JUnitReportReporter -->
<testsuite skipped="0" hostname="LD-Windows-8" name="restAPI.PutRequest" tests="1" failures="0" timestamp="21 Nov 2021 15:15:32 GMT" time="3.096" errors="0">
  <testcase name="putCall" time="3.096" classname="restAPI.PutRequest"/>
</testsuite> <!-- restAPI.PutRequest -->
