<?xml version="1.0" encoding="UTF-8"?>
<!-- Generated by org.testng.reporters.JUnitReportReporter -->
<testsuite skipped="0" hostname="LD-Windows-8" name="restAPIBDD.PostRequest" tests="1" failures="0" timestamp="27 Nov 2021 14:43:01 GMT" time="5.055" errors="0">
  <testcase name="postCall" time="5.055" classname="restAPIBDD.PostRequest"/>
</testsuite> <!-- restAPIBDD.PostRequest -->
