<?xml version="1.0" encoding="UTF-8"?>
<!-- Generated by org.testng.reporters.JUnitReportReporter -->
<testsuite skipped="0" hostname="LD-Windows-8" name="restAPI.PostRequestWithMap" tests="1" failures="0" timestamp="21 Nov 2021 14:34:59 GMT" time="2.823" errors="0">
  <testcase name="postCall" time="2.823" classname="restAPI.PostRequestWithMap"/>
</testsuite> <!-- restAPI.PostRequestWithMap -->
